<?xml version="1.0" encoding="UTF-8"?>
<testsuite xmlns:xsi="http://www.w3.org/2001/XMLSchema-instance" xsi:noNamespaceSchemaLocation="https://maven.apache.org/surefire/maven-surefire-plugin/xsd/surefire-test-report.xsd" name="TurtleTest" time="0.098" tests="4" errors="0" skipped="0" failures="0">
  <properties>
[...]
</properties>
  <testcase name="testSeen" classname="TurtleTest" time="0.003"/>
  <testcase name="testSocialStatus" classname="TurtleTest" time="0"/>
  <testcase name="testAllCourages" classname="TurtleTest" time="0"/>
  <testcase name="testBravery" classname="TurtleTest" time="0"/>
</testsuite>